c:\users\tetcos\desktop\channel_notching_in_cr_networks\channel_notching_workspace_v12\src\simulation\cognitiveradio\x64\debug\vc142.pdb
c:\users\tetcos\desktop\channel_notching_in_cr_networks\channel_notching_workspace_v12\src\simulation\cognitiveradio\x64\debug\vc142.idb
c:\users\tetcos\desktop\channel_notching_in_cr_networks\channel_notching_workspace_v12\src\simulation\cognitiveradio\x64\debug\usmap.obj
c:\users\tetcos\desktop\channel_notching_in_cr_networks\channel_notching_workspace_v12\src\simulation\cognitiveradio\x64\debug\usframe.obj
c:\users\tetcos\desktop\channel_notching_in_cr_networks\channel_notching_workspace_v12\src\simulation\cognitiveradio\x64\debug\ucd.obj
c:\users\tetcos\desktop\channel_notching_in_cr_networks\channel_notching_workspace_v12\src\simulation\cognitiveradio\x64\debug\spectrummanager.obj
c:\users\tetcos\desktop\channel_notching_in_cr_networks\channel_notching_workspace_v12\src\simulation\cognitiveradio\x64\debug\sch.obj
c:\users\tetcos\desktop\channel_notching_in_cr_networks\channel_notching_workspace_v12\src\simulation\cognitiveradio\x64\debug\propagationmodel.obj
c:\users\tetcos\desktop\channel_notching_in_cr_networks\channel_notching_workspace_v12\src\simulation\cognitiveradio\x64\debug\packetforward.obj
c:\users\tetcos\desktop\channel_notching_in_cr_networks\channel_notching_workspace_v12\src\simulation\cognitiveradio\x64\debug\ofdma.obj
c:\users\tetcos\desktop\channel_notching_in_cr_networks\channel_notching_workspace_v12\src\simulation\cognitiveradio\x64\debug\incumbent.obj
c:\users\tetcos\desktop\channel_notching_in_cr_networks\channel_notching_workspace_v12\src\simulation\cognitiveradio\x64\debug\fragmentation.obj
c:\users\tetcos\desktop\channel_notching_in_cr_networks\channel_notching_workspace_v12\src\simulation\cognitiveradio\x64\debug\fch.obj
c:\users\tetcos\desktop\channel_notching_in_cr_networks\channel_notching_workspace_v12\src\simulation\cognitiveradio\x64\debug\dsx.obj
c:\users\tetcos\desktop\channel_notching_in_cr_networks\channel_notching_workspace_v12\src\simulation\cognitiveradio\x64\debug\dsmap.obj
c:\users\tetcos\desktop\channel_notching_in_cr_networks\channel_notching_workspace_v12\src\simulation\cognitiveradio\x64\debug\dsframe.obj
c:\users\tetcos\desktop\channel_notching_in_cr_networks\channel_notching_workspace_v12\src\simulation\cognitiveradio\x64\debug\dcd.obj
c:\users\tetcos\desktop\channel_notching_in_cr_networks\channel_notching_workspace_v12\src\simulation\cognitiveradio\x64\debug\channelnotching.obj
c:\users\tetcos\desktop\channel_notching_in_cr_networks\channel_notching_workspace_v12\src\simulation\cognitiveradio\x64\debug\802_22.obj
c:\users\tetcos\desktop\channel_notching_in_cr_networks\channel_notching_workspace_v12\bin\bin_x64\cognitiveradio.lib
c:\users\tetcos\desktop\channel_notching_in_cr_networks\channel_notching_workspace_v12\bin\bin_x64\cognitiveradio.exp
c:\users\tetcos\desktop\channel_notching_in_cr_networks\channel_notching_workspace_v12\bin\bin_x64\libcognitiveradio.dll
c:\users\tetcos\desktop\channel_notching_in_cr_networks\channel_notching_workspace_v12\bin\bin_x64\cognitiveradio.pdb
f:\channel_notching_workspace_v12\src\simulation\cognitiveradio\x64\debug\802_22.obj
f:\channel_notching_workspace_v12\src\simulation\cognitiveradio\x64\debug\channelnotching.obj
f:\channel_notching_workspace_v12\src\simulation\cognitiveradio\x64\debug\dcd.obj
f:\channel_notching_workspace_v12\src\simulation\cognitiveradio\x64\debug\dsframe.obj
f:\channel_notching_workspace_v12\src\simulation\cognitiveradio\x64\debug\dsmap.obj
f:\channel_notching_workspace_v12\src\simulation\cognitiveradio\x64\debug\dsx.obj
f:\channel_notching_workspace_v12\src\simulation\cognitiveradio\x64\debug\fch.obj
f:\channel_notching_workspace_v12\src\simulation\cognitiveradio\x64\debug\fragmentation.obj
f:\channel_notching_workspace_v12\src\simulation\cognitiveradio\x64\debug\incumbent.obj
f:\channel_notching_workspace_v12\src\simulation\cognitiveradio\x64\debug\ofdma.obj
f:\channel_notching_workspace_v12\src\simulation\cognitiveradio\x64\debug\packetforward.obj
f:\channel_notching_workspace_v12\src\simulation\cognitiveradio\x64\debug\propagationmodel.obj
f:\channel_notching_workspace_v12\src\simulation\cognitiveradio\x64\debug\sch.obj
f:\channel_notching_workspace_v12\src\simulation\cognitiveradio\x64\debug\spectrummanager.obj
f:\channel_notching_workspace_v12\src\simulation\cognitiveradio\x64\debug\ucd.obj
f:\channel_notching_workspace_v12\src\simulation\cognitiveradio\x64\debug\usframe.obj
f:\channel_notching_workspace_v12\src\simulation\cognitiveradio\x64\debug\usmap.obj
f:\channel_notching_workspace_v12\src\simulation\cognitiveradio\x64\debug\vc142.idb
f:\channel_notching_workspace_v12\src\simulation\cognitiveradio\x64\debug\vc142.pdb
f:\channel_notching_workspace_v12\src\simulation\cognitiveradio\x64\debug\cognitiveradio.tlog\cl.command.1.tlog
f:\channel_notching_workspace_v12\src\simulation\cognitiveradio\x64\debug\cognitiveradio.tlog\cl.read.1.tlog
f:\channel_notching_workspace_v12\src\simulation\cognitiveradio\x64\debug\cognitiveradio.tlog\cl.write.1.tlog
f:\channel_notching_workspace_v12\src\simulation\cognitiveradio\x64\debug\cognitiveradio.tlog\cognitiveradio.write.1u.tlog
f:\channel_notching_workspace_v12\src\simulation\cognitiveradio\x64\debug\cognitiveradio.tlog\link.command.1.tlog
f:\channel_notching_workspace_v12\src\simulation\cognitiveradio\x64\debug\cognitiveradio.tlog\link.read.1.tlog
f:\channel_notching_workspace_v12\src\simulation\cognitiveradio\x64\debug\cognitiveradio.tlog\link.write.1.tlog
